Using pre-set license
Built from '2022.1/staging' branch; Version is '2022.1.1f1 (53d13f540f71) revision 5493055'; Using compiler version '192829333'; Build Type 'Release'
OS: 'Windows 11  (10.0.22000) 64bit Professional' Language: 'en' Physical Memory: 16326 MB
BatchMode: 1, IsHumanControllingUs: 0, StartBugReporterOnCrash: 0, Is64bit: 1, IsPro: 1

COMMAND LINE ARGUMENTS:
C:\Program Files\Unity\Hub\Editor\2022.1.1f1\Editor\Unity.exe
-adb2
-batchMode
-noUpm
-name
AssetImportWorker0
-projectPath
C:/Users/ratan/Desktop/Projects/1Line_v1.8/1Line_v1.8
-logFile
Logs/AssetImportWorker0.log
-srvPort
55246
Successfully changed project path to: C:/Users/ratan/Desktop/Projects/1Line_v1.8/1Line_v1.8
C:/Users/ratan/Desktop/Projects/1Line_v1.8/1Line_v1.8
[UnityMemory] Configuration Parameters - Can be set up in boot.config
    "memorysetup-bucket-allocator-granularity=16"
    "memorysetup-bucket-allocator-bucket-count=8"
    "memorysetup-bucket-allocator-block-size=33554432"
    "memorysetup-bucket-allocator-block-count=8"
    "memorysetup-main-allocator-block-size=16777216"
    "memorysetup-thread-allocator-block-size=16777216"
    "memorysetup-gfx-main-allocator-block-size=16777216"
    "memorysetup-gfx-thread-allocator-block-size=16777216"
    "memorysetup-cache-allocator-block-size=4194304"
    "memorysetup-typetree-allocator-block-size=2097152"
    "memorysetup-profiler-bucket-allocator-granularity=16"
    "memorysetup-profiler-bucket-allocator-bucket-count=8"
    "memorysetup-profiler-bucket-allocator-block-size=33554432"
    "memorysetup-profiler-bucket-allocator-block-count=8"
    "memorysetup-profiler-allocator-block-size=16777216"
    "memorysetup-profiler-editor-allocator-block-size=1048576"
    "memorysetup-temp-allocator-size-main=16777216"
    "memorysetup-job-temp-allocator-block-size=2097152"
    "memorysetup-job-temp-allocator-block-size-background=1048576"
    "memorysetup-job-temp-allocator-reduction-small-platforms=262144"
    "memorysetup-temp-allocator-size-background-worker=32768"
    "memorysetup-temp-allocator-size-job-worker=262144"
    "memorysetup-temp-allocator-size-preload-manager=33554432"
    "memorysetup-temp-allocator-size-nav-mesh-worker=65536"
    "memorysetup-temp-allocator-size-audio-worker=65536"
    "memorysetup-temp-allocator-size-cloud-worker=32768"
    "memorysetup-temp-allocator-size-gi-baking-worker=262144"
    "memorysetup-temp-allocator-size-gfx=262144"
Refreshing native plugins compatible for Editor in 108.96 ms, found 3 plugins.
Preloading 0 native plugins for Editor in 0.00 ms.
Initialize engine version: 2022.1.1f1 (53d13f540f71)
[Subsystems] Discovering subsystems at path C:/Program Files/Unity/Hub/Editor/2022.1.1f1/Editor/Data/Resources/UnitySubsystems
[Subsystems] Discovering subsystems at path C:/Users/ratan/Desktop/Projects/1Line_v1.8/1Line_v1.8/Assets
GfxDevice: creating device client; threaded=0; jobified=0
Direct3D:
    Version:  Direct3D 11.0 [level 11.1]
    Renderer: NVIDIA GeForce GTX 1660 SUPER (ID=0x21c4)
    Vendor:   NVIDIA
    VRAM:     5991 MB
    Driver:   27.21.14.5751
Initialize mono
Mono path[0] = 'C:/Program Files/Unity/Hub/Editor/2022.1.1f1/Editor/Data/Managed'
Mono path[1] = 'C:/Program Files/Unity/Hub/Editor/2022.1.1f1/Editor/Data/MonoBleedingEdge/lib/mono/unityjit-win32'
Mono config path = 'C:/Program Files/Unity/Hub/Editor/2022.1.1f1/Editor/Data/MonoBleedingEdge/etc'
Using monoOptions --debugger-agent=transport=dt_socket,embedding=1,server=y,suspend=n,address=127.0.0.1:56520
Begin MonoManager ReloadAssembly
Registering precompiled unity dll's ...
Register platform support module: C:/Program Files/Unity/Hub/Editor/2022.1.1f1/Editor/Data/PlaybackEngines/WebGLSupport/UnityEditor.WebGL.Extensions.dll
Register platform support module: C:/Program Files/Unity/Hub/Editor/2022.1.1f1/Editor/Data/PlaybackEngines/AndroidPlayer/UnityEditor.Android.Extensions.dll
Register platform support module: C:/Program Files/Unity/Hub/Editor/2022.1.1f1/Editor/Data/PlaybackEngines/iOSSupport/UnityEditor.iOS.Extensions.dll
Register platform support module: C:/Program Files/Unity/Hub/Editor/2022.1.1f1/Editor/Data/PlaybackEngines/WindowsStandaloneSupport/UnityEditor.WindowsStandalone.Extensions.dll
Registered in 0.006460 seconds.
Native extension for WindowsStandalone target not found
[usbmuxd] Start listen thread
[usbmuxd] Listen thread started
Native extension for iOS target not found
Native extension for Android target not found
Native extension for WebGL target not found
Refreshing native plugins compatible for Editor in 83.40 ms, found 3 plugins.
Preloading 0 native plugins for Editor in 0.00 ms.
Mono: successfully reloaded assembly
- Completed reload, in  0.766 seconds
Domain Reload Profiling:
	ReloadAssembly (766ms)
		BeginReloadAssembly (85ms)
			ExecutionOrderSort (0ms)
			DisableScriptedObjects (0ms)
			BackupInstance (0ms)
			ReleaseScriptingObjects (0ms)
			CreateAndSetChildDomain (1ms)
		EndReloadAssembly (558ms)
			LoadAssemblies (84ms)
			RebuildTransferFunctionScriptingTraits (0ms)
			SetupTypeCache (133ms)
				TypeCache.Initialize (132ms)
					TypeCache.ScanAssembly (131ms)
				ResolveRequiredComponents (0ms)
			ReleaseScriptCaches (0ms)
			RebuildScriptCaches (35ms)
			SetupLoadedEditorAssemblies (332ms)
				LogAssemblyErrors (0ms)
				InitializePlatformSupportModulesInManaged (69ms)
				SetLoadedEditorAssemblies (11ms)
				RefreshPlugins (83ms)
				BeforeProcessingInitializeOnLoad (1ms)
				ProcessInitializeOnLoadAttributes (116ms)
				ProcessInitializeOnLoadMethodAttributes (51ms)
				AfterProcessingInitializeOnLoad (0ms)
				EditorAssembliesLoaded (0ms)
			ExecutionOrderSort2 (0ms)
			AwakeInstancesAfterBackupRestoration (0ms)
Platform modules already initialized, skipping
Registering precompiled user dll's ...
Registered in 0.011595 seconds.
Begin MonoManager ReloadAssembly
Symbol file LoadedFromMemory doesn't match image C:\Users\ratan\Desktop\Projects\1Line_v1.8\1Line_v1.8\Library\PackageCache\com.unity.visualscripting@1.7.5\Editor\VisualScripting.Core\Dependencies\DotNetZip\Unity.VisualScripting.IonicZip.dll
Symbol file LoadedFromMemory doesn't match image C:\Users\ratan\Desktop\Projects\1Line_v1.8\1Line_v1.8\Library\PackageCache\com.unity.visualscripting@1.7.5\Editor\VisualScripting.Core\Dependencies\YamlDotNet\Unity.VisualScripting.YamlDotNet.dll
Unloading broken assembly Assets/Plugins/UnityPurchasing/Bin/Stores.dll, this assembly can cause crashes in the runtime
Native extension for WindowsStandalone target not found
Native extension for iOS target not found
Native extension for Android target not found
Native extension for WebGL target not found
Refreshing native plugins compatible for Editor in 1.00 ms, found 3 plugins.
Preloading 0 native plugins for Editor in 0.00 ms.
System.Reflection.AmbiguousMatchException: Ambiguous match found.
  at System.RuntimeType.GetMethodImplCommon (System.String name, System.Int32 genericParameterCount, System.Reflection.BindingFlags bindingAttr, System.Reflection.Binder binder, System.Reflection.CallingConventions callConv, System.Type[] types, System.Reflection.ParameterModifier[] modifiers) [0x00050] in <f3d0e7ec4efc44199bb22a77b1c8eff4>:0 
  at System.RuntimeType.GetMethodImpl (System.String name, System.Reflection.BindingFlags bindingAttr, System.Reflection.Binder binder, System.Reflection.CallingConventions callConv, System.Type[] types, System.Reflection.ParameterModifier[] modifiers) [0x00000] in <f3d0e7ec4efc44199bb22a77b1c8eff4>:0 
  at System.Type.GetMethod (System.String name, System.Reflection.BindingFlags bindingAttr) [0x0000e] in <f3d0e7ec4efc44199bb22a77b1c8eff4>:0 
  at System.Type.GetMethod (System.String name) [0x00000] in <f3d0e7ec4efc44199bb22a77b1c8eff4>:0 
  at GooglePlayServices.UnityCompat.get_Unity56AndAboveApplicationIdentifier () [0x00000] in <747bd8a1ca7b4e36964d320c1beb0bb4>:0 
  at GooglePlayServices.UnityCompat.get_ApplicationId () [0x00000] in <747bd8a1ca7b4e36964d320c1beb0bb4>:0 
  at GooglePlayServices.PlayServicesResolver..cctor () [0x0002a] in <747bd8a1ca7b4e36964d320c1beb0bb4>:0 
UnityEngine.StackTraceUtility:ExtractStackTrace ()
UnityEngine.DebugLogHandler:LogFormat (UnityEngine.LogType,UnityEngine.Object,string,object[])
UnityEngine.Logger:Log (UnityEngine.LogType,object)
UnityEngine.Debug:LogError (object)
UnityEditor.EditorAssemblies:ProcessInitializeOnLoadAttributes (System.Type[])

UnityIAP: [InitializeOnLoad] Facebook Check
UnityIAP: Runtime [2022.1.1f1]
UnityIAP: Current Build is Android:Android
UnityIAP: stub FacebookStore.dll enabled
Mono: successfully reloaded assembly
- Completed reload, in  1.375 seconds
Domain Reload Profiling:
	ReloadAssembly (1376ms)
		BeginReloadAssembly (236ms)
			ExecutionOrderSort (0ms)
			DisableScriptedObjects (6ms)
			BackupInstance (0ms)
			ReleaseScriptingObjects (0ms)
			CreateAndSetChildDomain (135ms)
		EndReloadAssembly (1007ms)
			LoadAssemblies (88ms)
			RebuildTransferFunctionScriptingTraits (0ms)
			SetupTypeCache (292ms)
				TypeCache.Initialize (276ms)
					TypeCache.ScanAssembly (272ms)
				ResolveRequiredComponents (16ms)
			ReleaseScriptCaches (1ms)
			RebuildScriptCaches (89ms)
			SetupLoadedEditorAssemblies (444ms)
				LogAssemblyErrors (0ms)
				InitializePlatformSupportModulesInManaged (28ms)
				SetLoadedEditorAssemblies (8ms)
				RefreshPlugins (1ms)
				BeforeProcessingInitializeOnLoad (83ms)
				ProcessInitializeOnLoadAttributes (288ms)
				ProcessInitializeOnLoadMethodAttributes (29ms)
				AfterProcessingInitializeOnLoad (6ms)
				EditorAssembliesLoaded (0ms)
			ExecutionOrderSort2 (0ms)
			AwakeInstancesAfterBackupRestoration (7ms)
Platform modules already initialized, skipping
========================================================================
Worker process is ready to serve import requests
Launched and connected shader compiler UnityShaderCompiler.exe after 0.10 seconds
Refreshing native plugins compatible for Editor in 0.89 ms, found 3 plugins.
Preloading 0 native plugins for Editor in 0.00 ms.
Unloading 3432 Unused Serialized files (Serialized files now loaded: 0)
Unloading 94 unused Assets / (61.5 KB). Loaded Objects now: 3836.
Memory consumption went from 0.51 GB to 0.51 GB.
Total: 6.537900 ms (FindLiveObjects: 0.462400 ms CreateObjectMapping: 0.431400 ms MarkObjects: 5.539100 ms  DeleteObjects: 0.103000 ms)

AssetImportParameters requested are different than current active one (requested -> active):
  custom:video-decoder-ogg-theora: a1e56fd34408186e4bbccfd4996cb3dc -> 
  custom:container-muxer-webm: aa71ff27fc2769a1b78a27578f13a17b -> 
  custom:container-demuxer-webm: 4f35f7cbe854078d1ac9338744f61a02 -> 
  custom:video-encoder-webm-vp8: eb34c28f22e8b96e1ab97ce403110664 -> 
  custom:audio-encoder-webm-vorbis: bf7c407c2cedff20999df2af8eb42d56 -> 
  custom:framework-win-MediaFoundation: 216162199b28c13a410421893ffa2e32 -> 
  custom:container-demuxer-ogg: 62fdf1f143b41e24485cea50d1cbac27 -> 
  custom:video-decoder-webm-vp8: 9c59270c3fd7afecdb556c50c9e8de78 -> 
  custom:audio-decoder-ogg-vorbis: bf7c407c2cedff20999df2af8eb42d56 -> 
========================================================================
Received Import Request.
  Time since last request: 13867.517754 seconds.
  path: Assets/1Line Documentation v1.0.pdf
  artifactKey: Guid(9d94fcb6b579c8a42bf25583ed8dee1e) Importer(815301076,1909f56bfc062723c751e8b465ee728b)
Start importing Assets/1Line Documentation v1.0.pdf using Guid(9d94fcb6b579c8a42bf25583ed8dee1e) Importer(815301076,1909f56bfc062723c751e8b465ee728b)  -> (artifact id: '06e871dd0f0e3029aa11a2ebcf685951') in 0.037759 seconds 
========================================================================
Received Import Request.
  Time since last request: 5.503232 seconds.
  path: Assets/Plugins
  artifactKey: Guid(cbde64d36fd994c458fffca9e931b232) Importer(815301076,1909f56bfc062723c751e8b465ee728b)
Start importing Assets/Plugins using Guid(cbde64d36fd994c458fffca9e931b232) Importer(815301076,1909f56bfc062723c751e8b465ee728b)  -> (artifact id: 'fb576d96d45faebde1b855303dcfb423') in 0.006767 seconds 
========================================================================
Received Import Request.
  Time since last request: 30.687885 seconds.
  path: Assets/GoogleMobileAds
  artifactKey: Guid(e6d6c8bcba39440abae1c5ccc063c635) Importer(815301076,1909f56bfc062723c751e8b465ee728b)
Start importing Assets/GoogleMobileAds using Guid(e6d6c8bcba39440abae1c5ccc063c635) Importer(815301076,1909f56bfc062723c751e8b465ee728b)  -> (artifact id: '0a50cf713499c0547c01cf62fe180383') in 0.017218 seconds 
========================================================================
Received Import Request.
  Time since last request: 7.701161 seconds.
  path: Assets/OneLine/1Line Documentation v1.0.pdf
  artifactKey: Guid(78f822a706c40804f9d6b253ebf77693) Importer(815301076,1909f56bfc062723c751e8b465ee728b)
Start importing Assets/OneLine/1Line Documentation v1.0.pdf using Guid(78f822a706c40804f9d6b253ebf77693) Importer(815301076,1909f56bfc062723c751e8b465ee728b)  -> (artifact id: 'd445874c22504f0c9b058e00d45c1e3b') in 0.002468 seconds 
========================================================================
Received Import Request.
  Time since last request: 11.847239 seconds.
  path: Assets/OneLine/Scene/GameScene.unity
  artifactKey: Guid(9fcd96abb421b4e78bc83f4f60d36d19) Importer(815301076,1909f56bfc062723c751e8b465ee728b)
Start importing Assets/OneLine/Scene/GameScene.unity using Guid(9fcd96abb421b4e78bc83f4f60d36d19) Importer(815301076,1909f56bfc062723c751e8b465ee728b)  -> (artifact id: 'eab0b476a8c1e48671d6e4d9a848d756') in 0.013387 seconds 
========================================================================
Received Import Request.
  Time since last request: 1.697740 seconds.
  path: Assets/OneLine/Scene/LevelSelection.unity
  artifactKey: Guid(81f233ee84b8a4e3493c752698700ae6) Importer(815301076,1909f56bfc062723c751e8b465ee728b)
Start importing Assets/OneLine/Scene/LevelSelection.unity using Guid(81f233ee84b8a4e3493c752698700ae6) Importer(815301076,1909f56bfc062723c751e8b465ee728b)  -> (artifact id: 'fe0f7247d79cd12470f6f68f29cf2b2f') in 0.005652 seconds 
========================================================================
Received Import Request.
  Time since last request: 35.775205 seconds.
  path: Assets/OneLine/_Scripts
  artifactKey: Guid(695e4cac4fba1804bbfd53df06f7b56f) Importer(815301076,1909f56bfc062723c751e8b465ee728b)
Start importing Assets/OneLine/_Scripts using Guid(695e4cac4fba1804bbfd53df06f7b56f) Importer(815301076,1909f56bfc062723c751e8b465ee728b)  -> (artifact id: '17976449de7b30c9ae59c14b7a864b9c') in 0.005734 seconds 
========================================================================
Received Import Request.
  Time since last request: 16.422184 seconds.
  path: Assets/OneLine/MyCombo/AdmobController.cs
  artifactKey: Guid(525a1848ffaf876458d23dd0664c7287) Importer(815301076,1909f56bfc062723c751e8b465ee728b)
Start importing Assets/OneLine/MyCombo/AdmobController.cs using Guid(525a1848ffaf876458d23dd0664c7287) Importer(815301076,1909f56bfc062723c751e8b465ee728b)  -> (artifact id: 'ae4e8bbdac4ba58749e8dbfa327683a9') in 0.015592 seconds 
========================================================================
Received Import Request.
  Time since last request: 60.015833 seconds.
  path: Assets/OneLine/MyCombo/--------------READ ME-------------.prefab
  artifactKey: Guid(1f2f9aa0d273b244d98c5b2043d44230) Importer(815301076,1909f56bfc062723c751e8b465ee728b)
Start importing Assets/OneLine/MyCombo/--------------READ ME-------------.prefab using Guid(1f2f9aa0d273b244d98c5b2043d44230) Importer(815301076,1909f56bfc062723c751e8b465ee728b)  -> (artifact id: '93c7f7f9dd30c9d698e7989d56e3eb29') in 0.024582 seconds 
========================================================================
Received Import Request.
  Time since last request: 0.000031 seconds.
  path: Assets/OneLine/LevelCreator/_Res/DotPrefab.prefab
  artifactKey: Guid(62ecd47e0143d4615aafc358a4ad8134) Importer(815301076,1909f56bfc062723c751e8b465ee728b)
Start importing Assets/OneLine/LevelCreator/_Res/DotPrefab.prefab using Guid(62ecd47e0143d4615aafc358a4ad8134) Importer(815301076,1909f56bfc062723c751e8b465ee728b)  -> (artifact id: '21bad397dab385891f5dd24c1aad39d2') in 0.116960 seconds 
========================================================================
Received Import Request.
  Time since last request: 0.000027 seconds.
  path: Assets/OneLine/MyCombo/RewardedVideoGroup.prefab
  artifactKey: Guid(af9617a856daf714e9bb103ca6c664c4) Importer(815301076,1909f56bfc062723c751e8b465ee728b)
Start importing Assets/OneLine/MyCombo/RewardedVideoGroup.prefab using Guid(af9617a856daf714e9bb103ca6c664c4) Importer(815301076,1909f56bfc062723c751e8b465ee728b)  -> (artifact id: 'f4af1b9ebc29c473a8863155b778009f') in 0.017728 seconds 
========================================================================
Received Import Request.
  Time since last request: 0.000031 seconds.
  path: Assets/OneLine/Font/RockoUltraFLF.ttf
  artifactKey: Guid(ca131f2b88e6fcd4c8dec53ded6628bd) Importer(815301076,1909f56bfc062723c751e8b465ee728b)
Start importing Assets/OneLine/Font/RockoUltraFLF.ttf using Guid(ca131f2b88e6fcd4c8dec53ded6628bd) Importer(815301076,1909f56bfc062723c751e8b465ee728b)  -> (artifact id: '60ded19e98912b9e3178ecd2fd684d1d') in 0.063901 seconds 
========================================================================
Received Import Request.
  Time since last request: 0.000037 seconds.
  path: Assets/OneLine/Font/RockoUltraFLF-Bold.ttf
  artifactKey: Guid(25a9231db20f24548a57978bc409f81e) Importer(815301076,1909f56bfc062723c751e8b465ee728b)
Start importing Assets/OneLine/Font/RockoUltraFLF-Bold.ttf using Guid(25a9231db20f24548a57978bc409f81e) Importer(815301076,1909f56bfc062723c751e8b465ee728b)  -> (artifact id: '66cf9b6236ccd3b2441451d216c4c210') in 0.015059 seconds 
========================================================================
Received Import Request.
  Time since last request: 0.000034 seconds.
  path: Assets/OneLine/Prefab/MainSceneUI/RedArrow.prefab
  artifactKey: Guid(8f4914f3c2b954a9587d14480c2a29fb) Importer(815301076,1909f56bfc062723c751e8b465ee728b)
Start importing Assets/OneLine/Prefab/MainSceneUI/RedArrow.prefab using Guid(8f4914f3c2b954a9587d14480c2a29fb) Importer(815301076,1909f56bfc062723c751e8b465ee728b)  -> (artifact id: 'd175c1ebf12eb0102d693cd56cfed32d') in 0.013856 seconds 
========================================================================
Received Import Request.
  Time since last request: 0.000020 seconds.
  path: Assets/OneLine/_Sprites/play/Red_Arrow.png
  artifactKey: Guid(3d8467a1b65354d5a847b133b692ca71) Importer(815301076,1909f56bfc062723c751e8b465ee728b)
Start importing Assets/OneLine/_Sprites/play/Red_Arrow.png using Guid(3d8467a1b65354d5a847b133b692ca71) Importer(815301076,1909f56bfc062723c751e8b465ee728b)  -> (artifact id: 'e090d53117cbfa92320b07ae900a06be') in 0.052752 seconds 
========================================================================
Received Import Request.
  Time since last request: 0.000030 seconds.
  path: Assets/OneLine/_Sprites/play/replay.png
  artifactKey: Guid(a0d954c0f52816848852577f06c3369f) Importer(815301076,1909f56bfc062723c751e8b465ee728b)
Start importing Assets/OneLine/_Sprites/play/replay.png using Guid(a0d954c0f52816848852577f06c3369f) Importer(815301076,1909f56bfc062723c751e8b465ee728b)  -> (artifact id: 'fa77c3ca1df6c610d81709b0900e3289') in 0.026923 seconds 
========================================================================
Received Import Request.
  Time since last request: 0.000031 seconds.
  path: Assets/OneLine/Font/Lato-Regular_2.ttf
  artifactKey: Guid(3e718dc0884be9543856e5783908d82b) Importer(815301076,1909f56bfc062723c751e8b465ee728b)
Start importing Assets/OneLine/Font/Lato-Regular_2.ttf using Guid(3e718dc0884be9543856e5783908d82b) Importer(815301076,1909f56bfc062723c751e8b465ee728b)  -> (artifact id: '1f15bad9ea86b377826929fbda3a60ed') in 0.025652 seconds 
========================================================================
Received Import Request.
  Time since last request: 0.000027 seconds.
  path: Assets/OneLine/_Sprites/shop/restore.png
  artifactKey: Guid(67026e18576c78a4da2a6dd1a152930a) Importer(815301076,1909f56bfc062723c751e8b465ee728b)
Start importing Assets/OneLine/_Sprites/shop/restore.png using Guid(67026e18576c78a4da2a6dd1a152930a) Importer(815301076,1909f56bfc062723c751e8b465ee728b)  -> (artifact id: 'a570ab00caf3b7a036383e6c5bf9f3e1') in 0.019244 seconds 
========================================================================
Received Import Request.
  Time since last request: 0.000022 seconds.
  path: Assets/OneLine/Font/Lato-Light_2.ttf
  artifactKey: Guid(90bbd46b4c02a3149bef50ec77a86f43) Importer(815301076,1909f56bfc062723c751e8b465ee728b)
Start importing Assets/OneLine/Font/Lato-Light_2.ttf using Guid(90bbd46b4c02a3149bef50ec77a86f43) Importer(815301076,1909f56bfc062723c751e8b465ee728b)  -> (artifact id: 'efa00aaea52c7c0438f8c48dae7ba994') in 0.022413 seconds 
========================================================================
Received Import Request.
  Time since last request: 3.682001 seconds.
  path: Assets/OneLine/MyCombo/RewardedVideoButton.cs
  artifactKey: Guid(a722676babfa0f74f9a1d8b6093ba937) Importer(815301076,1909f56bfc062723c751e8b465ee728b)
Start importing Assets/OneLine/MyCombo/RewardedVideoButton.cs using Guid(a722676babfa0f74f9a1d8b6093ba937) Importer(815301076,1909f56bfc062723c751e8b465ee728b)  -> (artifact id: '998a6cdfdb625e00682ba22f332390ae') in 0.007060 seconds 
========================================================================
Received Import Request.
  Time since last request: 22.065714 seconds.
  path: Assets/OneLine/MyCombo/Editor
  artifactKey: Guid(8135dea65cfdac846a6808d1fdcef696) Importer(815301076,1909f56bfc062723c751e8b465ee728b)
Start importing Assets/OneLine/MyCombo/Editor using Guid(8135dea65cfdac846a6808d1fdcef696) Importer(815301076,1909f56bfc062723c751e8b465ee728b)  -> (artifact id: '1bef427ba42d23f8999489d4d1262b3a') in 0.006478 seconds 
========================================================================
Received Import Request.
  Time since last request: 7.837459 seconds.
  path: Assets/OneLine/MyCombo/RewardedVideoButton.cs
  artifactKey: Guid(a722676babfa0f74f9a1d8b6093ba937) Importer(815301076,1909f56bfc062723c751e8b465ee728b)
Start importing Assets/OneLine/MyCombo/RewardedVideoButton.cs using Guid(a722676babfa0f74f9a1d8b6093ba937) Importer(815301076,1909f56bfc062723c751e8b465ee728b)  -> (artifact id: '7c6713a460b6589c322ad86d97c45d46') in 0.002029 seconds 
========================================================================
Received Import Request.
  Time since last request: 17.365525 seconds.
  path: Assets/OneLine/MyCombo/RewardedVideoCallBack.cs
  artifactKey: Guid(5d25eff45d38598428ee4ca5a29f1f94) Importer(815301076,1909f56bfc062723c751e8b465ee728b)
Start importing Assets/OneLine/MyCombo/RewardedVideoCallBack.cs using Guid(5d25eff45d38598428ee4ca5a29f1f94) Importer(815301076,1909f56bfc062723c751e8b465ee728b)  -> (artifact id: '8ad8bb2dfd00ae60c9e59f5127849936') in 0.011758 seconds 
========================================================================
Received Import Request.
  Time since last request: 13.724049 seconds.
  path: Assets/OneLine/MyCombo/RewardedVideoGroup.cs
  artifactKey: Guid(30a59f83e9713ab4ba9d9077de18b801) Importer(815301076,1909f56bfc062723c751e8b465ee728b)
Start importing Assets/OneLine/MyCombo/RewardedVideoGroup.cs using Guid(30a59f83e9713ab4ba9d9077de18b801) Importer(815301076,1909f56bfc062723c751e8b465ee728b)  -> (artifact id: '9d2db865aebe7946cf5c3344902856eb') in 0.002256 seconds 
========================================================================
Received Prepare
Registering precompiled user dll's ...
Registered in 0.006533 seconds.
Begin MonoManager ReloadAssembly
Symbol file LoadedFromMemory doesn't match image C:\Users\ratan\Desktop\Projects\1Line_v1.8\1Line_v1.8\Library\PackageCache\com.unity.visualscripting@1.7.5\Editor\VisualScripting.Core\Dependencies\DotNetZip\Unity.VisualScripting.IonicZip.dll
Symbol file LoadedFromMemory doesn't match image C:\Users\ratan\Desktop\Projects\1Line_v1.8\1Line_v1.8\Library\PackageCache\com.unity.visualscripting@1.7.5\Editor\VisualScripting.Core\Dependencies\YamlDotNet\Unity.VisualScripting.YamlDotNet.dll
Native extension for WindowsStandalone target not found
Native extension for iOS target not found
Native extension for Android target not found
Native extension for WebGL target not found
Refreshing native plugins compatible for Editor in 0.56 ms, found 3 plugins.
Preloading 0 native plugins for Editor in 0.00 ms.
Mono: successfully reloaded assembly
- Completed reload, in  1.035 seconds
Domain Reload Profiling:
	ReloadAssembly (1036ms)
		BeginReloadAssembly (133ms)
			ExecutionOrderSort (0ms)
			DisableScriptedObjects (5ms)
			BackupInstance (0ms)
			ReleaseScriptingObjects (0ms)
			CreateAndSetChildDomain (39ms)
		EndReloadAssembly (796ms)
			LoadAssemblies (81ms)
			RebuildTransferFunctionScriptingTraits (0ms)
			SetupTypeCache (278ms)
				TypeCache.Initialize (273ms)
					TypeCache.ScanAssembly (267ms)
				ResolveRequiredComponents (5ms)
			ReleaseScriptCaches (1ms)
			RebuildScriptCaches (44ms)
			SetupLoadedEditorAssemblies (336ms)
				LogAssemblyErrors (0ms)
				InitializePlatformSupportModulesInManaged (34ms)
				SetLoadedEditorAssemblies (7ms)
				RefreshPlugins (1ms)
				BeforeProcessingInitializeOnLoad (58ms)
				ProcessInitializeOnLoadAttributes (203ms)
				ProcessInitializeOnLoadMethodAttributes (28ms)
				AfterProcessingInitializeOnLoad (5ms)
				EditorAssembliesLoaded (0ms)
			ExecutionOrderSort2 (0ms)
			AwakeInstancesAfterBackupRestoration (7ms)
Platform modules already initialized, skipping
Refreshing native plugins compatible for Editor in 1.53 ms, found 3 plugins.
Preloading 0 native plugins for Editor in 0.00 ms.
Unloading 3289 Unused Serialized files (Serialized files now loaded: 0)
Unloading 77 unused Assets / (25.5 KB). Loaded Objects now: 3833.
Memory consumption went from 510.1 MB to 510.0 MB.
Total: 2.788000 ms (FindLiveObjects: 0.271400 ms CreateObjectMapping: 0.187500 ms MarkObjects: 2.286300 ms  DeleteObjects: 0.041800 ms)

AssetImportParameters requested are different than current active one (requested -> active):
  custom:video-decoder-ogg-theora: a1e56fd34408186e4bbccfd4996cb3dc -> 
  custom:container-muxer-webm: aa71ff27fc2769a1b78a27578f13a17b -> 
  custom:container-demuxer-webm: 4f35f7cbe854078d1ac9338744f61a02 -> 
  custom:video-encoder-webm-vp8: eb34c28f22e8b96e1ab97ce403110664 -> 
  custom:audio-encoder-webm-vorbis: bf7c407c2cedff20999df2af8eb42d56 -> 
  custom:framework-win-MediaFoundation: 216162199b28c13a410421893ffa2e32 -> 
  custom:container-demuxer-ogg: 62fdf1f143b41e24485cea50d1cbac27 -> 
  custom:video-decoder-webm-vp8: 9c59270c3fd7afecdb556c50c9e8de78 -> 
  custom:audio-decoder-ogg-vorbis: bf7c407c2cedff20999df2af8eb42d56 -> 
========================================================================
Received Prepare
Registering precompiled user dll's ...
Registered in 0.004603 seconds.
Begin MonoManager ReloadAssembly
Symbol file LoadedFromMemory doesn't match image C:\Users\ratan\Desktop\Projects\1Line_v1.8\1Line_v1.8\Library\PackageCache\com.unity.visualscripting@1.7.5\Editor\VisualScripting.Core\Dependencies\DotNetZip\Unity.VisualScripting.IonicZip.dll
Symbol file LoadedFromMemory doesn't match image C:\Users\ratan\Desktop\Projects\1Line_v1.8\1Line_v1.8\Library\PackageCache\com.unity.visualscripting@1.7.5\Editor\VisualScripting.Core\Dependencies\YamlDotNet\Unity.VisualScripting.YamlDotNet.dll
Native extension for WindowsStandalone target not found
Native extension for iOS target not found
Native extension for Android target not found
Native extension for WebGL target not found
Refreshing native plugins compatible for Editor in 0.56 ms, found 3 plugins.
Preloading 0 native plugins for Editor in 0.00 ms.
Mono: successfully reloaded assembly
- Completed reload, in  1.286 seconds
Domain Reload Profiling:
	ReloadAssembly (1287ms)
		BeginReloadAssembly (216ms)
			ExecutionOrderSort (0ms)
			DisableScriptedObjects (9ms)
			BackupInstance (0ms)
			ReleaseScriptingObjects (0ms)
			CreateAndSetChildDomain (91ms)
		EndReloadAssembly (937ms)
			LoadAssemblies (91ms)
			RebuildTransferFunctionScriptingTraits (0ms)
			SetupTypeCache (406ms)
				TypeCache.Initialize (401ms)
					TypeCache.ScanAssembly (397ms)
				ResolveRequiredComponents (5ms)
			ReleaseScriptCaches (1ms)
			RebuildScriptCaches (47ms)
			SetupLoadedEditorAssemblies (336ms)
				LogAssemblyErrors (0ms)
				InitializePlatformSupportModulesInManaged (37ms)
				SetLoadedEditorAssemblies (8ms)
				RefreshPlugins (1ms)
				BeforeProcessingInitializeOnLoad (58ms)
				ProcessInitializeOnLoadAttributes (201ms)
				ProcessInitializeOnLoadMethodAttributes (27ms)
				AfterProcessingInitializeOnLoad (5ms)
				EditorAssembliesLoaded (0ms)
			ExecutionOrderSort2 (0ms)
			AwakeInstancesAfterBackupRestoration (9ms)
Platform modules already initialized, skipping
Refreshing native plugins compatible for Editor in 1.51 ms, found 3 plugins.
Preloading 0 native plugins for Editor in 0.00 ms.
Unloading 3290 Unused Serialized files (Serialized files now loaded: 0)
Unloading 17 unused Assets / (32.5 KB). Loaded Objects now: 3836.
Memory consumption went from 510.1 MB to 510.0 MB.
Total: 2.982400 ms (FindLiveObjects: 0.260900 ms CreateObjectMapping: 0.162100 ms MarkObjects: 2.537600 ms  DeleteObjects: 0.020800 ms)

AssetImportParameters requested are different than current active one (requested -> active):
  custom:video-decoder-ogg-theora: a1e56fd34408186e4bbccfd4996cb3dc -> 
  custom:container-muxer-webm: aa71ff27fc2769a1b78a27578f13a17b -> 
  custom:container-demuxer-webm: 4f35f7cbe854078d1ac9338744f61a02 -> 
  custom:video-encoder-webm-vp8: eb34c28f22e8b96e1ab97ce403110664 -> 
  custom:audio-encoder-webm-vorbis: bf7c407c2cedff20999df2af8eb42d56 -> 
  custom:framework-win-MediaFoundation: 216162199b28c13a410421893ffa2e32 -> 
  custom:container-demuxer-ogg: 62fdf1f143b41e24485cea50d1cbac27 -> 
  custom:video-decoder-webm-vp8: 9c59270c3fd7afecdb556c50c9e8de78 -> 
  custom:audio-decoder-ogg-vorbis: bf7c407c2cedff20999df2af8eb42d56 -> 
========================================================================
Received Prepare
Refreshing native plugins compatible for Editor in 3.73 ms, found 3 plugins.
Preloading 0 native plugins for Editor in 0.00 ms.
Unloading 17 Unused Serialized files (Serialized files now loaded: 0)
Unloading 17 unused Assets / (29.8 KB). Loaded Objects now: 3836.
Memory consumption went from 67.6 MB to 67.6 MB.
Total: 9.099700 ms (FindLiveObjects: 0.307500 ms CreateObjectMapping: 0.221000 ms MarkObjects: 8.535700 ms  DeleteObjects: 0.034000 ms)

AssetImportParameters requested are different than current active one (requested -> active):
  custom:video-decoder-ogg-theora: a1e56fd34408186e4bbccfd4996cb3dc -> 
  custom:container-muxer-webm: aa71ff27fc2769a1b78a27578f13a17b -> 
  custom:container-demuxer-webm: 4f35f7cbe854078d1ac9338744f61a02 -> 
  custom:video-encoder-webm-vp8: eb34c28f22e8b96e1ab97ce403110664 -> 
  custom:audio-encoder-webm-vorbis: bf7c407c2cedff20999df2af8eb42d56 -> 
  custom:framework-win-MediaFoundation: 216162199b28c13a410421893ffa2e32 -> 
  custom:container-demuxer-ogg: 62fdf1f143b41e24485cea50d1cbac27 -> 
  custom:video-decoder-webm-vp8: 9c59270c3fd7afecdb556c50c9e8de78 -> 
  custom:audio-decoder-ogg-vorbis: bf7c407c2cedff20999df2af8eb42d56 -> 
